Arguments: 
  /Users/ericlifs/.nvm/versions/node/v10.15.0/bin/node /Users/ericlifs/.nvm/versions/node/v10.15.0/bin/yarn init

PATH: 
  /Users/ericlifs/.nvm/versions/node/v10.15.0/bin:/Users/ericlifs/workspace/flutter-1.7.8/bin:/Users/ericlifs/.yarn/bin:/Users/ericlifs/.config/yarn/global/node_modules/.bin:/usr/local/bin:/usr/bin:/bin:/usr/sbin:/sbin:/usr/local/MacGPG2/bin:/usr/local/share/dotnet:~/.dotnet/tools:/Library/Frameworks/Mono.framework/Versions/Current/Commands

Yarn version: 
  1.19.1

Node version: 
  10.15.0

Platform: 
  darwin x64

Trace: 
  Error: canceled
      at Interface.<anonymous> (/Users/ericlifs/.nvm/versions/node/v10.15.0/lib/node_modules/yarn/lib/cli.js:136824:13)
      at Interface.emit (events.js:182:13)
      at Interface._ttyWrite (readline.js:783:16)
      at ReadStream.onkeypress (readline.js:168:10)
      at ReadStream.emit (events.js:182:13)
      at emitKeys (internal/readline.js:424:14)
      at emitKeys.next (<anonymous>)
      at ReadStream.onData (readline.js:1022:36)
      at ReadStream.emit (events.js:182:13)
      at addChunk (_stream_readable.js:283:12)

npm manifest: 
  No manifest

yarn manifest: 
  No manifest

Lockfile: 
  No lockfile
